# JRE version: OpenJDK Runtime Environment (8.0_152-b02) (build 1.8.0_152-release-1024-b02)
# Java VM: OpenJDK 64-Bit Server VM (25.152-b02 mixed mode windows-amd64 compressed oops)
Heap:
 PSYoungGen      total 219648K, used 56642K [0x00000000e0000000, 0x00000000ef680000, 0x0000000100000000)
  eden space 193024K, 25% used [0x00000000e0000000,0x00000000e30c4a00,0x00000000ebc80000)
  from space 26624K, 25% used [0x00000000edc80000,0x00000000ee30c010,0x00000000ef680000)
  to   space 29696K, 0% used [0x00000000ebc80000,0x00000000ebc80000,0x00000000ed980000)
 ParOldGen       total 218624K, used 72481K [0x00000000a0000000, 0x00000000ad580000, 0x00000000e0000000)
  object space 218624K, 33% used [0x00000000a0000000,0x00000000a46c8540,0x00000000ad580000)
 Metaspace       used 91578K, capacity 97103K, committed 98944K, reserved 1136640K
  class space    used 11176K, capacity 12174K, committed 12672K, reserved 1048576K
GC Heap History (10 events):
Event: 24396.356 GC heap before
{Heap before GC invocations=62 (full 4):
 PSYoungGen      total 188416K, used 183622K [0x00000000e0000000, 0x00000000eee00000, 0x0000000100000000)
  eden space 156160K, 100% used [0x00000000e0000000,0x00000000e9880000,0x00000000e9880000)
  from space 32256K, 85% used [0x00000000e9880000,0x00000000eb351b00,0x00000000eb800000)
  to   space 35840K, 0% used [0x00000000ecb00000,0x00000000ecb00000,0x00000000eee00000)
 ParOldGen       total 218624K, used 72185K [0x00000000a0000000, 0x00000000ad580000, 0x00000000e0000000)
  object space 218624K, 33% used [0x00000000a0000000,0x00000000a467e540,0x00000000ad580000)
 Metaspace       used 91225K, capacity 96787K, committed 98688K, reserved 1134592K
  class space    used 11145K, capacity 12116K, committed 12672K, reserved 1048576K
Event: 24396.378 GC heap after
Heap after GC invocations=62 (full 4):
 PSYoungGen      total 201728K, used 7080K [0x00000000e0000000, 0x00000000eea00000, 0x0000000100000000)
  eden space 169984K, 0% used [0x00000000e0000000,0x00000000e0000000,0x00000000ea600000)
  from space 31744K, 22% used [0x00000000ecb00000,0x00000000ed1ea268,0x00000000eea00000)
  to   space 34816K, 0% used [0x00000000ea600000,0x00000000ea600000,0x00000000ec800000)
 ParOldGen       total 218624K, used 72201K [0x00000000a0000000, 0x00000000ad580000, 0x00000000e0000000)
  object space 218624K, 33% used [0x00000000a0000000,0x00000000a4682540,0x00000000ad580000)
 Metaspace       used 91225K, capacity 96787K, committed 98688K, reserved 1134592K
  class space    used 11145K, capacity 12116K, committed 12672K, reserved 1048576K
}
Event: 24397.117 GC heap before
{Heap before GC invocations=63 (full 4):
 PSYoungGen      total 201728K, used 176247K [0x00000000e0000000, 0x00000000eea00000, 0x0000000100000000)
  eden space 169984K, 99% used [0x00000000e0000000,0x00000000ea533b60,0x00000000ea600000)
  from space 31744K, 22% used [0x00000000ecb00000,0x00000000ed1ea268,0x00000000eea00000)
  to   space 34816K, 0% used [0x00000000ea600000,0x00000000ea600000,0x00000000ec800000)
 ParOldGen       total 218624K, used 72201K [0x00000000a0000000, 0x00000000ad580000, 0x00000000e0000000)
  object space 218624K, 33% used [0x00000000a0000000,0x00000000a4682540,0x00000000ad580000)
 Metaspace       used 91237K, capacity 96787K, committed 98688K, reserved 1134592K
  class space    used 11145K, capacity 12116K, committed 12672K, reserved 1048576K
Event: 24397.123 GC heap after
Heap after GC invocations=63 (full 4):
 PSYoungGen      total 204800K, used 9020K [0x00000000e0000000, 0x00000000ef680000, 0x0000000100000000)
  eden space 169984K, 0% used [0x00000000e0000000,0x00000000e0000000,0x00000000ea600000)
  from space 34816K, 25% used [0x00000000ea600000,0x00000000eaecf380,0x00000000ec800000)
  to   space 33280K, 0% used [0x00000000ed600000,0x00000000ed600000,0x00000000ef680000)
 ParOldGen       total 218624K, used 72241K [0x00000000a0000000, 0x00000000ad580000, 0x00000000e0000000)
  object space 218624K, 33% used [0x00000000a0000000,0x00000000a468c540,0x00000000ad580000)
 Metaspace       used 91237K, capacity 96787K, committed 98688K, reserved 1134592K
  class space    used 11145K, capacity 12116K, committed 12672K, reserved 1048576K
}
Event: 24446.839 GC heap before
{Heap before GC invocations=64 (full 4):
 PSYoungGen      total 204800K, used 179004K [0x00000000e0000000, 0x00000000ef680000, 0x0000000100000000)
  eden space 169984K, 100% used [0x00000000e0000000,0x00000000ea600000,0x00000000ea600000)
  from space 34816K, 25% used [0x00000000ea600000,0x00000000eaecf380,0x00000000ec800000)
  to   space 33280K, 0% used [0x00000000ed600000,0x00000000ed600000,0x00000000ef680000)
 ParOldGen       total 218624K, used 72241K [0x00000000a0000000, 0x00000000ad580000, 0x00000000e0000000)
  object space 218624K, 33% used [0x00000000a0000000,0x00000000a468c540,0x00000000ad580000)
 Metaspace       used 91421K, capacity 96919K, committed 98688K, reserved 1134592K
  class space    used 11170K, capacity 12138K, committed 12672K, reserved 1048576K
Event: 24446.854 GC heap after
Heap after GC invocations=64 (full 4):
 PSYoungGen      total 209920K, used 10472K [0x00000000e0000000, 0x00000000ef000000, 0x0000000100000000)
  eden space 183296K, 0% used [0x00000000e0000000,0x00000000e0000000,0x00000000eb300000)
  from space 26624K, 39% used [0x00000000ed600000,0x00000000ee03a248,0x00000000ef000000)
  to   space 31232K, 0% used [0x00000000eb300000,0x00000000eb300000,0x00000000ed180000)
 ParOldGen       total 218624K, used 72273K [0x00000000a0000000, 0x00000000ad580000, 0x00000000e0000000)
  object space 218624K, 33% used [0x00000000a0000000,0x00000000a4694540,0x00000000ad580000)
 Metaspace       used 91421K, capacity 96919K, committed 98688K, reserved 1134592K
  class space    used 11170K, capacity 12138K, committed 12672K, reserved 1048576K
}
Event: 25163.982 GC heap before
{Heap before GC invocations=65 (full 4):
 PSYoungGen      total 209920K, used 193768K [0x00000000e0000000, 0x00000000ef000000, 0x0000000100000000)
  eden space 183296K, 100% used [0x00000000e0000000,0x00000000eb300000,0x00000000eb300000)
  from space 26624K, 39% used [0x00000000ed600000,0x00000000ee03a248,0x00000000ef000000)
  to   space 31232K, 0% used [0x00000000eb300000,0x00000000eb300000,0x00000000ed180000)
 ParOldGen       total 218624K, used 72273K [0x00000000a0000000, 0x00000000ad580000, 0x00000000e0000000)
  object space 218624K, 33% used [0x00000000a0000000,0x00000000a4694540,0x00000000ad580000)
 Metaspace       used 91457K, capacity 96919K, committed 98688K, reserved 1134592K
  class space    used 11170K, capacity 12138K, committed 12672K, reserved 1048576K
Event: 25163.989 GC heap after
Heap after GC invocations=65 (full 4):
 PSYoungGen      total 214528K, used 3721K [0x00000000e0000000, 0x00000000efa80000, 0x0000000100000000)
  eden space 183296K, 0% used [0x00000000e0000000,0x00000000e0000000,0x00000000eb300000)
  from space 31232K, 11% used [0x00000000eb300000,0x00000000eb6a2430,0x00000000ed180000)
  to   space 30720K, 0% used [0x00000000edc80000,0x00000000edc80000,0x00000000efa80000)
 ParOldGen       total 218624K, used 72449K [0x00000000a0000000, 0x00000000ad580000, 0x00000000e0000000)
  object space 218624K, 33% used [0x00000000a0000000,0x00000000a46c0540,0x00000000ad580000)
 Metaspace       used 91457K, capacity 96919K, committed 98688K, reserved 1134592K
  class space    used 11170K, capacity 12138K, committed 12672K, reserved 1048576K
}
Event: 26193.959 GC heap before
{Heap before GC invocations=66 (full 4):
 PSYoungGen      total 214528K, used 187017K [0x00000000e0000000, 0x00000000efa80000, 0x0000000100000000)
  eden space 183296K, 100% used [0x00000000e0000000,0x00000000eb300000,0x00000000eb300000)
  from space 31232K, 11% used [0x00000000eb300000,0x00000000eb6a2430,0x00000000ed180000)
  to   space 30720K, 0% used [0x00000000edc80000,0x00000000edc80000,0x00000000efa80000)
 ParOldGen       total 218624K, used 72449K [0x00000000a0000000, 0x00000000ad580000, 0x00000000e0000000)
  object space 218624K, 33% used [0x00000000a0000000,0x00000000a46c0540,0x00000000ad580000)
 Metaspace       used 91561K, capacity 97103K, committed 98944K, reserved 1136640K
  class space    used 11176K, capacity 12174K, committed 12672K, reserved 1048576K
Event: 26193.968 GC heap after
Heap after GC invocations=66 (full 4):
 PSYoungGen      total 219648K, used 6704K [0x00000000e0000000, 0x00000000ef680000, 0x0000000100000000)
  eden space 193024K, 0% used [0x00000000e0000000,0x00000000e0000000,0x00000000ebc80000)
  from space 26624K, 25% used [0x00000000edc80000,0x00000000ee30c010,0x00000000ef680000)
  to   space 29696K, 0% used [0x00000000ebc80000,0x00000000ebc80000,0x00000000ed980000)
 ParOldGen       total 218624K, used 72481K [0x00000000a0000000, 0x00000000ad580000, 0x00000000e0000000)
  object space 218624K, 33% used [0x00000000a0000000,0x00000000a46c8540,0x00000000ad580000)
 Metaspace       used 91561K, capacity 97103K, committed 98944K, reserved 1136640K
  class space    used 11176K, capacity 12174K, committed 12672K, reserved 1048576K
}

